3870 [main] INFO  com.demo.DemoApplication
                Ц Starting DemoApplication using Java 1.8.0_181 on DESKTOP-B05SD6G with PID 8300 (F:\Rep\Schablonbl-po-dzhave\src\com\work\package19\build\classes\java\main started by DonJuan in F:\Rep\Schablonbl-po-dzhave\src\com\work\package19)
3883 [main] INFO  com.demo.DemoApplication
                Ц No active profile set, falling back to default profiles: default
6981 [main] INFO  o.s.d.r.c.RepositoryConfigurationDelegate
                Ц Bootstrapping Spring Data JPA repositories in DEFAULT mode.
7230 [main] INFO  o.s.d.r.c.RepositoryConfigurationDelegate
                Ц Finished Spring Data repository scanning in 208 ms. Found 2 JPA repository interfaces.
11866 [main] INFO  o.s.b.w.e.tomcat.TomcatWebServer
                Ц Tomcat initialized with port(s): 8080 (http)
11905 [main] INFO  o.a.coyote.http11.Http11NioProtocol
                Ц Initializing ProtocolHandler ["http-nio-8080"]
11907 [main] INFO  o.a.catalina.core.StandardService
                Ц Starting service [Tomcat]
11908 [main] INFO  o.a.catalina.core.StandardEngine
                Ц Starting Servlet engine: [Apache Tomcat/9.0.45]
12333 [main] INFO  o.a.c.c.C.[Tomcat].[localhost].[/]
                Ц Initializing Spring embedded WebApplicationContext
12333 [main] INFO  o.s.b.w.s.c.ServletWebServerApplicationContext
                Ц Root WebApplicationContext: initialization completed in 8188 ms
13644 [main] INFO  com.zaxxer.hikari.HikariDataSource
                Ц HikariPool-1 - Starting...
16702 [main] INFO  com.zaxxer.hikari.HikariDataSource
                Ц HikariPool-1 - Start completed.
16978 [main] INFO  o.h.jpa.internal.util.LogHelper
                Ц HHH000204: Processing PersistenceUnitInfo [name: default]
17224 [main] INFO  org.hibernate.Version
                Ц HHH000412: Hibernate ORM core version 5.4.30.Final
17921 [main] INFO  o.h.annotations.common.Version
                Ц HCANN000001: Hibernate Commons Annotations {5.1.2.Final}
18546 [main] INFO  org.hibernate.dialect.Dialect
                Ц HHH000400: Using dialect: org.hibernate.dialect.PostgreSQLDialect
22072 [main] INFO  o.h.e.t.j.p.i.JtaPlatformInitiator
                Ц HHH000490: Using JtaPlatform implementation: [org.hibernate.engine.transaction.jta.platform.internal.NoJtaPlatform]
22121 [main] INFO  o.s.o.j.LocalContainerEntityManagerFactoryBean
                Ц Initialized JPA EntityManagerFactory for persistence unit 'default'
24211 [main] INFO  o.s.b.f.a.AutowiredAnnotationBeanPostProcessor
                Ц Autowired annotation is not supported on static fields: public static com.demo.DepRep com.demo.DepartureTest.depRep
24437 [main] INFO  o.s.b.f.a.AutowiredAnnotationBeanPostProcessor
                Ц Autowired annotation is not supported on static fields: public static com.demo.PostRep com.demo.PostOfficeTest.postRep
24800 [main] WARN  o.s.b.a.o.j.JpaBaseConfiguration$JpaWebConfiguration
                Ц spring.jpa.open-in-view is enabled by default. Therefore, database queries may be performed during view rendering. Explicitly configure spring.jpa.open-in-view to disable this warning
27050 [main] INFO  o.s.s.c.ThreadPoolTaskExecutor
                Ц Initializing ExecutorService 'applicationTaskExecutor'
30055 [main] INFO  o.a.coyote.http11.Http11NioProtocol
                Ц Starting ProtocolHandler ["http-nio-8080"]
30153 [main] INFO  o.s.b.w.e.tomcat.TomcatWebServer
                Ц Tomcat started on port(s): 8080 (http) with context path ''
30185 [main] INFO  com.demo.DemoApplication
                Ц Started DemoApplication in 28.02 seconds (JVM running for 31.019)
2910 [main] INFO  com.demo.DemoApplication
                 Starting DemoApplication using Java 1.8.0_181 on DESKTOP-B05SD6G with PID 8320 (F:\Rep\Schablonbl-po-dzhave\src\com\work\package19\build\classes\java\main started by DonJuan in F:\Rep\Schablonbl-po-dzhave\src\com\work\package19)
2927 [main] INFO  com.demo.DemoApplication
                 No active profile set, falling back to default profiles: default
6095 [main] INFO  o.s.d.r.c.RepositoryConfigurationDelegate
                 Bootstrapping Spring Data JPA repositories in DEFAULT mode.
6336 [main] INFO  o.s.d.r.c.RepositoryConfigurationDelegate
                 Finished Spring Data repository scanning in 199 ms. Found 2 JPA repository interfaces.
10720 [main] INFO  o.s.b.w.e.tomcat.TomcatWebServer
                 Tomcat initialized with port(s): 8080 (http)
10796 [main] INFO  o.a.coyote.http11.Http11NioProtocol
                 Initializing ProtocolHandler ["http-nio-8080"]
10799 [main] INFO  o.a.catalina.core.StandardService
                 Starting service [Tomcat]
10805 [main] INFO  o.a.catalina.core.StandardEngine
                 Starting Servlet engine: [Apache Tomcat/9.0.45]
11333 [main] INFO  o.a.c.c.C.[Tomcat].[localhost].[/]
                 Initializing Spring embedded WebApplicationContext
11334 [main] INFO  o.s.b.w.s.c.ServletWebServerApplicationContext
                 Root WebApplicationContext: initialization completed in 8076 ms
3456 [main] INFO  com.demo.DemoApplication
                - Starting DemoApplication using Java 1.8.0_181 on DESKTOP-B05SD6G with PID 4340 (F:\Rep\Schablonbl-po-dzhave\src\com\work\package19\build\classes\java\main started by DonJuan in F:\Rep\Schablonbl-po-dzhave\src\com\work\package19)
3470 [main] INFO  com.demo.DemoApplication
                - No active profile set, falling back to default profiles: default
3140 [main] INFO  com.demo.DemoApplication
                - Starting DemoApplication using Java 1.8.0_181 on DESKTOP-B05SD6G with PID 10124 (F:\Rep\Schablonbl-po-dzhave\src\com\work\package19\build\classes\java\main started by DonJuan in F:\Rep\Schablonbl-po-dzhave\src\com\work\package19)
3148 [main] INFO  com.demo.DemoApplication
                - No active profile set, falling back to default profiles: default
6136 [main] INFO  o.s.d.r.c.RepositoryConfigurationDelegate
                - Bootstrapping Spring Data JPA repositories in DEFAULT mode.
6366 [main] INFO  o.s.d.r.c.RepositoryConfigurationDelegate
                - Finished Spring Data repository scanning in 193 ms. Found 2 JPA repository interfaces.
11119 [main] INFO  o.s.b.w.e.tomcat.TomcatWebServer
                - Tomcat initialized with port(s): 8080 (http)
11160 [main] INFO  o.a.coyote.http11.Http11NioProtocol
                - Initializing ProtocolHandler ["http-nio-8080"]
11163 [main] INFO  o.a.catalina.core.StandardService
                - Starting service [Tomcat]
11164 [main] INFO  o.a.catalina.core.StandardEngine
                - Starting Servlet engine: [Apache Tomcat/9.0.45]
11572 [main] INFO  o.a.c.c.C.[Tomcat].[localhost].[/]
                - Initializing Spring embedded WebApplicationContext
11572 [main] INFO  o.s.b.w.s.c.ServletWebServerApplicationContext
                - Root WebApplicationContext: initialization completed in 8168 ms
12847 [main] INFO  com.zaxxer.hikari.HikariDataSource
                - HikariPool-1 - Starting...
15904 [main] INFO  com.zaxxer.hikari.HikariDataSource
                - HikariPool-1 - Start completed.
16179 [main] INFO  o.h.jpa.internal.util.LogHelper
                - HHH000204: Processing PersistenceUnitInfo [name: default]
16425 [main] INFO  org.hibernate.Version
                - HHH000412: Hibernate ORM core version 5.4.30.Final
17082 [main] INFO  o.h.annotations.common.Version
                - HCANN000001: Hibernate Commons Annotations {5.1.2.Final}
17751 [main] INFO  org.hibernate.dialect.Dialect
                - HHH000400: Using dialect: org.hibernate.dialect.PostgreSQLDialect
21066 [main] INFO  o.h.e.t.j.p.i.JtaPlatformInitiator
                - HHH000490: Using JtaPlatform implementation: [org.hibernate.engine.transaction.jta.platform.internal.NoJtaPlatform]
21106 [main] INFO  o.s.o.j.LocalContainerEntityManagerFactoryBean
                - Initialized JPA EntityManagerFactory for persistence unit 'default'
23130 [main] INFO  o.s.b.f.a.AutowiredAnnotationBeanPostProcessor
                - Autowired annotation is not supported on static fields: public static com.demo.DepRep com.demo.DepartureTest.depRep
23346 [main] INFO  o.s.b.f.a.AutowiredAnnotationBeanPostProcessor
                - Autowired annotation is not supported on static fields: public static com.demo.PostRep com.demo.PostOfficeTest.postRep
23691 [main] WARN  o.s.b.a.o.j.JpaBaseConfiguration$JpaWebConfiguration
                - spring.jpa.open-in-view is enabled by default. Therefore, database queries may be performed during view rendering. Explicitly configure spring.jpa.open-in-view to disable this warning
25700 [main] INFO  o.s.s.c.ThreadPoolTaskExecutor
                - Initializing ExecutorService 'applicationTaskExecutor'
28730 [main] INFO  o.a.coyote.http11.Http11NioProtocol
                - Starting ProtocolHandler ["http-nio-8080"]
28813 [main] INFO  o.s.b.w.e.tomcat.TomcatWebServer
                - Tomcat started on port(s): 8080 (http) with context path ''
28866 [main] INFO  com.demo.DemoApplication
                - Started DemoApplication in 27.308 seconds (JVM running for 29.668)
3841 [main] INFO  com.demo.DemoApplication
                - Starting DemoApplication using Java 1.8.0_181 on DESKTOP-B05SD6G with PID 6932 (F:\Rep\Schablonbl-po-dzhave\src\com\work\package19\build\classes\java\main started by DonJuan in F:\Rep\Schablonbl-po-dzhave\src\com\work\package19)
3855 [main] INFO  com.demo.DemoApplication
                - No active profile set, falling back to default profiles: default
7348 [main] INFO  o.s.d.r.c.RepositoryConfigurationDelegate
                - Bootstrapping Spring Data JPA repositories in DEFAULT mode.
7581 [main] INFO  o.s.d.r.c.RepositoryConfigurationDelegate
                - Finished Spring Data repository scanning in 195 ms. Found 2 JPA repository interfaces.
12211 [main] INFO  o.s.b.w.e.tomcat.TomcatWebServer
                - Tomcat initialized with port(s): 8080 (http)
12300 [main] INFO  o.a.coyote.http11.Http11NioProtocol
                - Initializing ProtocolHandler ["http-nio-8080"]
12303 [main] INFO  o.a.catalina.core.StandardService
                - Starting service [Tomcat]
12304 [main] INFO  o.a.catalina.core.StandardEngine
                - Starting Servlet engine: [Apache Tomcat/9.0.45]
12780 [main] INFO  o.a.c.c.C.[Tomcat].[localhost].[/]
                - Initializing Spring embedded WebApplicationContext
12781 [main] INFO  o.s.b.w.s.c.ServletWebServerApplicationContext
                - Root WebApplicationContext: initialization completed in 8432 ms
14247 [main] INFO  com.zaxxer.hikari.HikariDataSource
                - HikariPool-1 - Starting...
17174 [main] INFO  com.zaxxer.hikari.HikariDataSource
                - HikariPool-1 - Start completed.
17429 [main] INFO  o.h.jpa.internal.util.LogHelper
                - HHH000204: Processing PersistenceUnitInfo [name: default]
17686 [main] INFO  org.hibernate.Version
                - HHH000412: Hibernate ORM core version 5.4.30.Final
18417 [main] INFO  o.h.annotations.common.Version
                - HCANN000001: Hibernate Commons Annotations {5.1.2.Final}
19042 [main] INFO  org.hibernate.dialect.Dialect
                - HHH000400: Using dialect: org.hibernate.dialect.PostgreSQLDialect
22495 [main] INFO  o.h.e.t.j.p.i.JtaPlatformInitiator
                - HHH000490: Using JtaPlatform implementation: [org.hibernate.engine.transaction.jta.platform.internal.NoJtaPlatform]
22541 [main] INFO  o.s.o.j.LocalContainerEntityManagerFactoryBean
                - Initialized JPA EntityManagerFactory for persistence unit 'default'
24549 [main] INFO  com.demo.DepartureTest
                - init DepartureTest
24551 [main] INFO  o.s.b.f.a.AutowiredAnnotationBeanPostProcessor
                - Autowired annotation is not supported on static fields: public static com.demo.DepRep com.demo.DepartureTest.depRep
24828 [main] INFO  com.demo.PostOfficeTest
                - init PostOfficeTest
24830 [main] INFO  o.s.b.f.a.AutowiredAnnotationBeanPostProcessor
                - Autowired annotation is not supported on static fields: public static com.demo.PostRep com.demo.PostOfficeTest.postRep
25172 [main] WARN  o.s.b.a.o.j.JpaBaseConfiguration$JpaWebConfiguration
                - spring.jpa.open-in-view is enabled by default. Therefore, database queries may be performed during view rendering. Explicitly configure spring.jpa.open-in-view to disable this warning
27499 [main] INFO  o.s.s.c.ThreadPoolTaskExecutor
                - Initializing ExecutorService 'applicationTaskExecutor'
30611 [main] INFO  o.a.coyote.http11.Http11NioProtocol
                - Starting ProtocolHandler ["http-nio-8080"]
30720 [main] INFO  o.s.b.w.e.tomcat.TomcatWebServer
                - Tomcat started on port(s): 8080 (http) with context path ''
30792 [main] INFO  com.demo.DemoApplication
                - Started DemoApplication in 28.73 seconds (JVM running for 31.909)
3169 [main] INFO  com.demo.DemoApplication
                - Starting DemoApplication using Java 1.8.0_181 on DESKTOP-B05SD6G with PID 7180 (F:\Rep\Schablonbl-po-dzhave\src\com\work\package19\build\classes\java\main started by DonJuan in F:\Rep\Schablonbl-po-dzhave\src\com\work\package19)
3182 [main] INFO  com.demo.DemoApplication
                - No active profile set, falling back to default profiles: default
6085 [main] INFO  o.s.d.r.c.RepositoryConfigurationDelegate
                - Bootstrapping Spring Data JPA repositories in DEFAULT mode.
6314 [main] INFO  o.s.d.r.c.RepositoryConfigurationDelegate
                - Finished Spring Data repository scanning in 194 ms. Found 2 JPA repository interfaces.
11254 [main] INFO  o.s.b.w.e.tomcat.TomcatWebServer
                - Tomcat initialized with port(s): 8080 (http)
11294 [main] INFO  o.a.coyote.http11.Http11NioProtocol
                - Initializing ProtocolHandler ["http-nio-8080"]
11296 [main] INFO  o.a.catalina.core.StandardService
                - Starting service [Tomcat]
11297 [main] INFO  o.a.catalina.core.StandardEngine
                - Starting Servlet engine: [Apache Tomcat/9.0.45]
11809 [main] INFO  o.a.c.c.C.[Tomcat].[localhost].[/]
                - Initializing Spring embedded WebApplicationContext
11809 [main] INFO  o.s.b.w.s.c.ServletWebServerApplicationContext
                - Root WebApplicationContext: initialization completed in 8385 ms
15829 [main] INFO  com.zaxxer.hikari.HikariDataSource
                - HikariPool-1 - Starting...
19029 [main] INFO  com.zaxxer.hikari.HikariDataSource
                - HikariPool-1 - Start completed.
19324 [main] INFO  o.h.jpa.internal.util.LogHelper
                - HHH000204: Processing PersistenceUnitInfo [name: default]
19569 [main] INFO  org.hibernate.Version
                - HHH000412: Hibernate ORM core version 5.4.30.Final
20274 [main] INFO  o.h.annotations.common.Version
                - HCANN000001: Hibernate Commons Annotations {5.1.2.Final}
20909 [main] INFO  org.hibernate.dialect.Dialect
                - HHH000400: Using dialect: org.hibernate.dialect.PostgreSQLDialect
24955 [main] INFO  o.h.e.t.j.p.i.JtaPlatformInitiator
                - HHH000490: Using JtaPlatform implementation: [org.hibernate.engine.transaction.jta.platform.internal.NoJtaPlatform]
24994 [main] INFO  o.s.o.j.LocalContainerEntityManagerFactoryBean
                - Initialized JPA EntityManagerFactory for persistence unit 'default'
27051 [main] INFO  com.demo.DepartureTest
                - init DepartureTest
27051 [main] INFO  o.s.b.f.a.AutowiredAnnotationBeanPostProcessor
                - Autowired annotation is not supported on static fields: public static com.demo.DepRep com.demo.DepartureTest.depRep
27269 [main] INFO  com.demo.PostOfficeTest
                - init PostOfficeTest
27269 [main] INFO  o.s.b.f.a.AutowiredAnnotationBeanPostProcessor
                - Autowired annotation is not supported on static fields: public static com.demo.PostRep com.demo.PostOfficeTest.postRep
28009 [main] WARN  o.s.b.a.o.j.JpaBaseConfiguration$JpaWebConfiguration
                - spring.jpa.open-in-view is enabled by default. Therefore, database queries may be performed during view rendering. Explicitly configure spring.jpa.open-in-view to disable this warning
31209 [main] INFO  o.s.s.c.ThreadPoolTaskExecutor
                - Initializing ExecutorService 'applicationTaskExecutor'
34866 [main] INFO  o.a.coyote.http11.Http11NioProtocol
                - Starting ProtocolHandler ["http-nio-8080"]
35017 [main] INFO  o.s.b.w.e.tomcat.TomcatWebServer
                - Tomcat started on port(s): 8080 (http) with context path ''
35059 [main] INFO  com.demo.DemoApplication
                - Started DemoApplication in 33.501 seconds (JVM running for 35.999)
50452 [http-nio-8080-exec-1] INFO  o.a.c.c.C.[Tomcat].[localhost].[/]
                - Initializing Spring DispatcherServlet 'dispatcherServlet'
50453 [http-nio-8080-exec-1] INFO  o.s.web.servlet.DispatcherServlet
                - Initializing Servlet 'dispatcherServlet'
50460 [http-nio-8080-exec-1] INFO  o.s.web.servlet.DispatcherServlet
                - Completed initialization in 7 ms
50620 [http-nio-8080-exec-1] INFO  com.demo.DepartureTest
                - get Departures...
3093 [main] INFO  com.demo.DemoApplication
                - Starting DemoApplication using Java 1.8.0_181 on DESKTOP-B05SD6G with PID 3784 (F:\Rep\Schablonbl-po-dzhave\src\com\work\package20\build\classes\java\main started by DonJuan in F:\Rep\Schablonbl-po-dzhave\src\com\work\package20)
3105 [main] INFO  com.demo.DemoApplication
                - No active profile set, falling back to default profiles: default
6347 [main] INFO  o.s.d.r.c.RepositoryConfigurationDelegate
                - Bootstrapping Spring Data JPA repositories in DEFAULT mode.
6576 [main] INFO  o.s.d.r.c.RepositoryConfigurationDelegate
                - Finished Spring Data repository scanning in 190 ms. Found 2 JPA repository interfaces.
10836 [main] INFO  o.s.b.w.e.tomcat.TomcatWebServer
                - Tomcat initialized with port(s): 8080 (http)
10878 [main] INFO  o.a.coyote.http11.Http11NioProtocol
                - Initializing ProtocolHandler ["http-nio-8080"]
10880 [main] INFO  o.a.catalina.core.StandardService
                - Starting service [Tomcat]
10881 [main] INFO  o.a.catalina.core.StandardEngine
                - Starting Servlet engine: [Apache Tomcat/9.0.45]
11248 [main] INFO  o.a.c.c.C.[Tomcat].[localhost].[/]
                - Initializing Spring embedded WebApplicationContext
11249 [main] INFO  o.s.b.w.s.c.ServletWebServerApplicationContext
                - Root WebApplicationContext: initialization completed in 7887 ms
12513 [main] INFO  com.zaxxer.hikari.HikariDataSource
                - HikariPool-1 - Starting...
15698 [main] INFO  com.zaxxer.hikari.HikariDataSource
                - HikariPool-1 - Start completed.
16013 [main] INFO  o.h.jpa.internal.util.LogHelper
                - HHH000204: Processing PersistenceUnitInfo [name: default]
16284 [main] INFO  org.hibernate.Version
                - HHH000412: Hibernate ORM core version 5.4.30.Final
17055 [main] INFO  o.h.annotations.common.Version
                - HCANN000001: Hibernate Commons Annotations {5.1.2.Final}
17699 [main] INFO  org.hibernate.dialect.Dialect
                - HHH000400: Using dialect: org.hibernate.dialect.PostgreSQLDialect
21656 [main] INFO  o.h.e.t.j.p.i.JtaPlatformInitiator
                - HHH000490: Using JtaPlatform implementation: [org.hibernate.engine.transaction.jta.platform.internal.NoJtaPlatform]
21702 [main] INFO  o.s.o.j.LocalContainerEntityManagerFactoryBean
                - Initialized JPA EntityManagerFactory for persistence unit 'default'
23800 [main] INFO  com.demo.DepartureTest
                - init DepartureTest
23803 [main] INFO  o.s.b.f.a.AutowiredAnnotationBeanPostProcessor
                - Autowired annotation is not supported on static fields: public static com.demo.DepRep com.demo.DepartureTest.depRep
24039 [main] INFO  com.demo.PostOfficeTest
                - init PostOfficeTest
24040 [main] INFO  o.s.b.f.a.AutowiredAnnotationBeanPostProcessor
                - Autowired annotation is not supported on static fields: public static com.demo.PostRep com.demo.PostOfficeTest.postRep
24376 [main] WARN  o.s.b.a.o.j.JpaBaseConfiguration$JpaWebConfiguration
                - spring.jpa.open-in-view is enabled by default. Therefore, database queries may be performed during view rendering. Explicitly configure spring.jpa.open-in-view to disable this warning
26644 [main] INFO  o.s.s.c.ThreadPoolTaskExecutor
                - Initializing ExecutorService 'applicationTaskExecutor'
29508 [main] INFO  o.a.coyote.http11.Http11NioProtocol
                - Starting ProtocolHandler ["http-nio-8080"]
29598 [main] INFO  o.s.b.w.e.tomcat.TomcatWebServer
                - Tomcat started on port(s): 8080 (http) with context path ''
29632 [main] INFO  com.demo.DemoApplication
                - Started DemoApplication in 28.325 seconds (JVM running for 30.503)
3470 [main] INFO  com.demo.DemoApplication
                - Starting DemoApplication using Java 1.8.0_181 on DESKTOP-B05SD6G with PID 8756 (F:\Rep\Schablonbl-po-dzhave\src\com\work\package20\build\classes\java\main started by DonJuan in F:\Rep\Schablonbl-po-dzhave\src\com\work\package20)
3483 [main] INFO  com.demo.DemoApplication
                - No active profile set, falling back to default profiles: default
6539 [main] INFO  o.s.d.r.c.RepositoryConfigurationDelegate
                - Bootstrapping Spring Data JPA repositories in DEFAULT mode.
6894 [main] INFO  o.s.d.r.c.RepositoryConfigurationDelegate
                - Finished Spring Data repository scanning in 302 ms. Found 2 JPA repository interfaces.
12198 [main] INFO  o.s.b.w.e.tomcat.TomcatWebServer
                - Tomcat initialized with port(s): 8080 (http)
12245 [main] INFO  o.a.coyote.http11.Http11NioProtocol
                - Initializing ProtocolHandler ["http-nio-8080"]
12248 [main] INFO  o.a.catalina.core.StandardService
                - Starting service [Tomcat]
12249 [main] INFO  o.a.catalina.core.StandardEngine
                - Starting Servlet engine: [Apache Tomcat/9.0.45]
12655 [main] INFO  o.a.c.c.C.[Tomcat].[localhost].[/]
                - Initializing Spring embedded WebApplicationContext
12656 [main] INFO  o.s.b.w.s.c.ServletWebServerApplicationContext
                - Root WebApplicationContext: initialization completed in 8936 ms
14162 [main] INFO  com.zaxxer.hikari.HikariDataSource
                - HikariPool-1 - Starting...
17052 [main] INFO  com.zaxxer.hikari.HikariDataSource
                - HikariPool-1 - Start completed.
17351 [main] INFO  o.h.jpa.internal.util.LogHelper
                - HHH000204: Processing PersistenceUnitInfo [name: default]
17599 [main] INFO  org.hibernate.Version
                - HHH000412: Hibernate ORM core version 5.4.30.Final
18273 [main] INFO  o.h.annotations.common.Version
                - HCANN000001: Hibernate Commons Annotations {5.1.2.Final}
18929 [main] INFO  org.hibernate.dialect.Dialect
                - HHH000400: Using dialect: org.hibernate.dialect.PostgreSQLDialect
22399 [main] INFO  o.h.e.t.j.p.i.JtaPlatformInitiator
                - HHH000490: Using JtaPlatform implementation: [org.hibernate.engine.transaction.jta.platform.internal.NoJtaPlatform]
22444 [main] INFO  o.s.o.j.LocalContainerEntityManagerFactoryBean
                - Initialized JPA EntityManagerFactory for persistence unit 'default'
24949 [main] INFO  com.demo.DepartureTest
                - init DepartureTest
24952 [main] INFO  o.s.b.f.a.AutowiredAnnotationBeanPostProcessor
                - Autowired annotation is not supported on static fields: public static com.demo.DepRep com.demo.DepartureTest.depRep
25324 [main] INFO  com.demo.PostOfficeTest
                - init PostOfficeTest
25326 [main] INFO  o.s.b.f.a.AutowiredAnnotationBeanPostProcessor
                - Autowired annotation is not supported on static fields: public static com.demo.PostRep com.demo.PostOfficeTest.postRep
25857 [main] WARN  o.s.b.a.o.j.JpaBaseConfiguration$JpaWebConfiguration
                - spring.jpa.open-in-view is enabled by default. Therefore, database queries may be performed during view rendering. Explicitly configure spring.jpa.open-in-view to disable this warning
28731 [main] INFO  o.s.s.c.ThreadPoolTaskExecutor
                - Initializing ExecutorService 'applicationTaskExecutor'
31450 [main] INFO  o.a.coyote.http11.Http11NioProtocol
                - Starting ProtocolHandler ["http-nio-8080"]
31536 [main] INFO  o.s.b.w.e.tomcat.TomcatWebServer
                - Tomcat started on port(s): 8080 (http) with context path ''
31571 [main] INFO  com.demo.DemoApplication
                - Started DemoApplication in 29.888 seconds (JVM running for 32.36)
46432 [http-nio-8080-exec-1] INFO  o.a.c.c.C.[Tomcat].[localhost].[/]
                - Initializing Spring DispatcherServlet 'dispatcherServlet'
46433 [http-nio-8080-exec-1] INFO  o.s.web.servlet.DispatcherServlet
                - Initializing Servlet 'dispatcherServlet'
46439 [http-nio-8080-exec-1] INFO  o.s.web.servlet.DispatcherServlet
                - Completed initialization in 6 ms
46599 [http-nio-8080-exec-1] INFO  com.demo.AspectOP
                - ћетод: List com.demo.DepartureController.getAll() выполнен за 9мс
46698 [http-nio-8080-exec-1] INFO  com.demo.AspectOP
                - ћетод: List com.demo.DepartureTest.getAll() выполнен за 0мс
46740 [http-nio-8080-exec-1] INFO  com.demo.DepartureTest
                - get Departures...
3405 [main] INFO  com.demo.DemoApplication
                - Starting DemoApplication using Java 1.8.0_181 on DESKTOP-B05SD6G with PID 720 (F:\Rep\Schablonbl-po-dzhave\src\com\work\package20\build\classes\java\main started by DonJuan in F:\Rep\Schablonbl-po-dzhave\src\com\work\package20)
3417 [main] INFO  com.demo.DemoApplication
                - No active profile set, falling back to default profiles: default
6545 [main] INFO  o.s.d.r.c.RepositoryConfigurationDelegate
                - Bootstrapping Spring Data JPA repositories in DEFAULT mode.
6826 [main] INFO  o.s.d.r.c.RepositoryConfigurationDelegate
                - Finished Spring Data repository scanning in 234 ms. Found 2 JPA repository interfaces.
11961 [main] INFO  o.s.b.w.e.tomcat.TomcatWebServer
                - Tomcat initialized with port(s): 8080 (http)
12018 [main] INFO  o.a.coyote.http11.Http11NioProtocol
                - Initializing ProtocolHandler ["http-nio-8080"]
12023 [main] INFO  o.a.catalina.core.StandardService
                - Starting service [Tomcat]
12025 [main] INFO  o.a.catalina.core.StandardEngine
                - Starting Servlet engine: [Apache Tomcat/9.0.45]
12732 [main] INFO  o.a.c.c.C.[Tomcat].[localhost].[/]
                - Initializing Spring embedded WebApplicationContext
12733 [main] INFO  o.s.b.w.s.c.ServletWebServerApplicationContext
                - Root WebApplicationContext: initialization completed in 9061 ms
14689 [main] INFO  com.zaxxer.hikari.HikariDataSource
                - HikariPool-1 - Starting...
17553 [main] INFO  com.zaxxer.hikari.HikariDataSource
                - HikariPool-1 - Start completed.
17824 [main] INFO  o.h.jpa.internal.util.LogHelper
                - HHH000204: Processing PersistenceUnitInfo [name: default]
18076 [main] INFO  org.hibernate.Version
                - HHH000412: Hibernate ORM core version 5.4.30.Final
18747 [main] INFO  o.h.annotations.common.Version
                - HCANN000001: Hibernate Commons Annotations {5.1.2.Final}
19397 [main] INFO  org.hibernate.dialect.Dialect
                - HHH000400: Using dialect: org.hibernate.dialect.PostgreSQLDialect
23073 [main] INFO  o.h.e.t.j.p.i.JtaPlatformInitiator
                - HHH000490: Using JtaPlatform implementation: [org.hibernate.engine.transaction.jta.platform.internal.NoJtaPlatform]
23119 [main] INFO  o.s.o.j.LocalContainerEntityManagerFactoryBean
                - Initialized JPA EntityManagerFactory for persistence unit 'default'
25454 [main] INFO  com.demo.DepartureTest
                - init DepartureTest
25456 [main] INFO  o.s.b.f.a.AutowiredAnnotationBeanPostProcessor
                - Autowired annotation is not supported on static fields: public static com.demo.DepRep com.demo.DepartureTest.depRep
25830 [main] INFO  com.demo.PostOfficeTest
                - init PostOfficeTest
25834 [main] INFO  o.s.b.f.a.AutowiredAnnotationBeanPostProcessor
                - Autowired annotation is not supported on static fields: public static com.demo.PostRep com.demo.PostOfficeTest.postRep
26662 [main] WARN  o.s.b.a.o.j.JpaBaseConfiguration$JpaWebConfiguration
                - spring.jpa.open-in-view is enabled by default. Therefore, database queries may be performed during view rendering. Explicitly configure spring.jpa.open-in-view to disable this warning
30563 [main] INFO  o.s.s.c.ThreadPoolTaskExecutor
                - Initializing ExecutorService 'applicationTaskExecutor'
34028 [main] INFO  o.a.coyote.http11.Http11NioProtocol
                - Starting ProtocolHandler ["http-nio-8080"]
34131 [main] INFO  o.s.b.w.e.tomcat.TomcatWebServer
                - Tomcat started on port(s): 8080 (http) with context path ''
34166 [main] INFO  com.demo.DemoApplication
                - Started DemoApplication in 32.525 seconds (JVM running for 34.993)
46560 [http-nio-8080-exec-1] INFO  o.a.c.c.C.[Tomcat].[localhost].[/]
                - Initializing Spring DispatcherServlet 'dispatcherServlet'
46561 [http-nio-8080-exec-1] INFO  o.s.web.servlet.DispatcherServlet
                - Initializing Servlet 'dispatcherServlet'
46567 [http-nio-8080-exec-1] INFO  o.s.web.servlet.DispatcherServlet
                - Completed initialization in 6 ms
46898 [http-nio-8080-exec-1] INFO  com.demo.AspectOP
                - ћетод: List com.demo.DepartureController.getAll() выполнен за 7мс
47024 [http-nio-8080-exec-1] INFO  com.demo.AspectOP
                - ћетод: List com.demo.DepartureTest.getAll() выполнен за 0мс
47070 [http-nio-8080-exec-1] INFO  com.demo.DepartureTest
                - get Departures...
3206 [main] INFO  com.demo.DemoApplication
                - Starting DemoApplication using Java 1.8.0_181 on DESKTOP-B05SD6G with PID 9864 (F:\Rep\Schablonbl-po-dzhave\src\com\work\package20\build\classes\java\main started by DonJuan in F:\Rep\Schablonbl-po-dzhave\src\com\work\package20)
3219 [main] INFO  com.demo.DemoApplication
                - No active profile set, falling back to default profiles: default
6547 [main] INFO  o.s.d.r.c.RepositoryConfigurationDelegate
                - Bootstrapping Spring Data JPA repositories in DEFAULT mode.
6815 [main] INFO  o.s.d.r.c.RepositoryConfigurationDelegate
                - Finished Spring Data repository scanning in 222 ms. Found 2 JPA repository interfaces.
13961 [main] INFO  o.s.b.w.e.tomcat.TomcatWebServer
                - Tomcat initialized with port(s): 8080 (http)
14003 [main] INFO  o.a.coyote.http11.Http11NioProtocol
                - Initializing ProtocolHandler ["http-nio-8080"]
14005 [main] INFO  o.a.catalina.core.StandardService
                - Starting service [Tomcat]
14006 [main] INFO  o.a.catalina.core.StandardEngine
                - Starting Servlet engine: [Apache Tomcat/9.0.45]
14427 [main] INFO  o.a.c.c.C.[Tomcat].[localhost].[/]
                - Initializing Spring embedded WebApplicationContext
14428 [main] INFO  o.s.b.w.s.c.ServletWebServerApplicationContext
                - Root WebApplicationContext: initialization completed in 10905 ms
15950 [main] INFO  com.zaxxer.hikari.HikariDataSource
                - HikariPool-1 - Starting...
18741 [main] INFO  com.zaxxer.hikari.HikariDataSource
                - HikariPool-1 - Start completed.
19028 [main] INFO  o.h.jpa.internal.util.LogHelper
                - HHH000204: Processing PersistenceUnitInfo [name: default]
19267 [main] INFO  org.hibernate.Version
                - HHH000412: Hibernate ORM core version 5.4.30.Final
19919 [main] INFO  o.h.annotations.common.Version
                - HCANN000001: Hibernate Commons Annotations {5.1.2.Final}
20557 [main] INFO  org.hibernate.dialect.Dialect
                - HHH000400: Using dialect: org.hibernate.dialect.PostgreSQLDialect
24124 [main] INFO  o.h.e.t.j.p.i.JtaPlatformInitiator
                - HHH000490: Using JtaPlatform implementation: [org.hibernate.engine.transaction.jta.platform.internal.NoJtaPlatform]
24167 [main] INFO  o.s.o.j.LocalContainerEntityManagerFactoryBean
                - Initialized JPA EntityManagerFactory for persistence unit 'default'
26292 [main] INFO  com.demo.DepartureTest
                - init DepartureTest
26300 [main] INFO  o.s.b.f.a.AutowiredAnnotationBeanPostProcessor
                - Autowired annotation is not supported on static fields: public static com.demo.DepRep com.demo.DepartureTest.depRep
26649 [main] INFO  com.demo.PostOfficeTest
                - init PostOfficeTest
26650 [main] INFO  o.s.b.f.a.AutowiredAnnotationBeanPostProcessor
                - Autowired annotation is not supported on static fields: public static com.demo.PostRep com.demo.PostOfficeTest.postRep
27037 [main] WARN  o.s.b.a.o.j.JpaBaseConfiguration$JpaWebConfiguration
                - spring.jpa.open-in-view is enabled by default. Therefore, database queries may be performed during view rendering. Explicitly configure spring.jpa.open-in-view to disable this warning
29628 [main] INFO  o.s.s.c.ThreadPoolTaskExecutor
                - Initializing ExecutorService 'applicationTaskExecutor'
32144 [main] INFO  o.a.coyote.http11.Http11NioProtocol
                - Starting ProtocolHandler ["http-nio-8080"]
32243 [main] INFO  o.s.b.w.e.tomcat.TomcatWebServer
                - Tomcat started on port(s): 8080 (http) with context path ''
32280 [main] INFO  com.demo.DemoApplication
                - Started DemoApplication in 30.859 seconds (JVM running for 34.611)
35995 [http-nio-8080-exec-1] INFO  o.a.c.c.C.[Tomcat].[localhost].[/]
                - Initializing Spring DispatcherServlet 'dispatcherServlet'
35997 [http-nio-8080-exec-1] INFO  o.s.web.servlet.DispatcherServlet
                - Initializing Servlet 'dispatcherServlet'
36006 [http-nio-8080-exec-1] INFO  o.s.web.servlet.DispatcherServlet
                - Completed initialization in 9 ms
36190 [http-nio-8080-exec-1] INFO  com.demo.AspectOP
                - ћетод: List com.demo.DepartureController.getAll() выполнен за 9мс
36268 [http-nio-8080-exec-1] INFO  com.demo.AspectOP
                - ћетод: List com.demo.DepartureTest.getAll() выполнен за 0мс
36415 [http-nio-8080-exec-1] INFO  com.demo.DepartureTest
                - get Departures...
48259 [http-nio-8080-exec-2] INFO  com.demo.AspectOP
                - ћетод: List com.demo.DepartureController.getAll() выполнен за 0мс
48260 [http-nio-8080-exec-2] INFO  com.demo.AspectOP
                - ћетод: List com.demo.DepartureTest.getAll() выполнен за 0мс
48261 [http-nio-8080-exec-2] INFO  com.demo.DepartureTest
                - get Departures...
3728 [main] INFO  com.demo.DemoApplication
                - Starting DemoApplication using Java 1.8.0_181 on DESKTOP-B05SD6G with PID 2160 (F:\Rep\Schablonbl-po-dzhave\src\com\work\package20\build\classes\java\main started by DonJuan in F:\Rep\Schablonbl-po-dzhave\src\com\work\package20)
3740 [main] INFO  com.demo.DemoApplication
                - No active profile set, falling back to default profiles: default
7630 [main] INFO  o.s.d.r.c.RepositoryConfigurationDelegate
                - Bootstrapping Spring Data JPA repositories in DEFAULT mode.
7871 [main] INFO  o.s.d.r.c.RepositoryConfigurationDelegate
                - Finished Spring Data repository scanning in 197 ms. Found 2 JPA repository interfaces.
14025 [main] INFO  o.s.b.w.e.tomcat.TomcatWebServer
                - Tomcat initialized with port(s): 8080 (http)
14067 [main] INFO  o.a.coyote.http11.Http11NioProtocol
                - Initializing ProtocolHandler ["http-nio-8080"]
14069 [main] INFO  o.a.catalina.core.StandardService
                - Starting service [Tomcat]
14069 [main] INFO  o.a.catalina.core.StandardEngine
                - Starting Servlet engine: [Apache Tomcat/9.0.45]
14476 [main] INFO  o.a.c.c.C.[Tomcat].[localhost].[/]
                - Initializing Spring embedded WebApplicationContext
14477 [main] INFO  o.s.b.w.s.c.ServletWebServerApplicationContext
                - Root WebApplicationContext: initialization completed in 10383 ms
15937 [main] INFO  com.zaxxer.hikari.HikariDataSource
                - HikariPool-1 - Starting...
18721 [main] INFO  com.zaxxer.hikari.HikariDataSource
                - HikariPool-1 - Start completed.
18995 [main] INFO  o.h.jpa.internal.util.LogHelper
                - HHH000204: Processing PersistenceUnitInfo [name: default]
19243 [main] INFO  org.hibernate.Version
                - HHH000412: Hibernate ORM core version 5.4.30.Final
19897 [main] INFO  o.h.annotations.common.Version
                - HCANN000001: Hibernate Commons Annotations {5.1.2.Final}
20567 [main] INFO  org.hibernate.dialect.Dialect
                - HHH000400: Using dialect: org.hibernate.dialect.PostgreSQLDialect
24111 [main] INFO  o.h.e.t.j.p.i.JtaPlatformInitiator
                - HHH000490: Using JtaPlatform implementation: [org.hibernate.engine.transaction.jta.platform.internal.NoJtaPlatform]
24164 [main] INFO  o.s.o.j.LocalContainerEntityManagerFactoryBean
                - Initialized JPA EntityManagerFactory for persistence unit 'default'
26420 [main] INFO  com.demo.DepartureTest
                - init DepartureTest
26422 [main] INFO  o.s.b.f.a.AutowiredAnnotationBeanPostProcessor
                - Autowired annotation is not supported on static fields: public static com.demo.DepRep com.demo.DepartureTest.depRep
26861 [main] INFO  com.demo.PostOfficeTest
                - init PostOfficeTest
26863 [main] INFO  o.s.b.f.a.AutowiredAnnotationBeanPostProcessor
                - Autowired annotation is not supported on static fields: public static com.demo.PostRep com.demo.PostOfficeTest.postRep
27232 [main] WARN  o.s.b.a.o.j.JpaBaseConfiguration$JpaWebConfiguration
                - spring.jpa.open-in-view is enabled by default. Therefore, database queries may be performed during view rendering. Explicitly configure spring.jpa.open-in-view to disable this warning
29740 [main] INFO  o.s.s.c.ThreadPoolTaskExecutor
                - Initializing ExecutorService 'applicationTaskExecutor'
32433 [main] INFO  o.a.coyote.http11.Http11NioProtocol
                - Starting ProtocolHandler ["http-nio-8080"]
32528 [main] INFO  o.s.b.w.e.tomcat.TomcatWebServer
                - Tomcat started on port(s): 8080 (http) with context path ''
32564 [main] INFO  com.demo.DemoApplication
                - Started DemoApplication in 30.854 seconds (JVM running for 33.483)
36060 [http-nio-8080-exec-1] INFO  o.a.c.c.C.[Tomcat].[localhost].[/]
                - Initializing Spring DispatcherServlet 'dispatcherServlet'
36062 [http-nio-8080-exec-1] INFO  o.s.web.servlet.DispatcherServlet
                - Initializing Servlet 'dispatcherServlet'
36078 [http-nio-8080-exec-1] INFO  o.s.web.servlet.DispatcherServlet
                - Completed initialization in 10 ms
36305 [http-nio-8080-exec-1] INFO  com.demo.AspectOP
                - ћетод: List com.demo.DepartureController.getAll() выполнен за 6мс
36374 [http-nio-8080-exec-1] INFO  com.demo.AspectOP
                - ћетод: List com.demo.DepartureTest.getAll() выполнен за 0мс
36412 [http-nio-8080-exec-1] INFO  com.demo.DepartureTest
                - get Departures...
3773 [main] INFO  com.demo.DemoApplication
                - Starting DemoApplication using Java 1.8.0_181 on DESKTOP-B05SD6G with PID 7968 (F:\Rep\Schablonbl-po-dzhave\src\com\work\package20\build\classes\java\main started by DonJuan in F:\Rep\Schablonbl-po-dzhave\src\com\work\package20)
3788 [main] INFO  com.demo.DemoApplication
                - No active profile set, falling back to default profiles: default
7332 [main] INFO  o.s.d.r.c.RepositoryConfigurationDelegate
                - Bootstrapping Spring Data JPA repositories in DEFAULT mode.
7593 [main] INFO  o.s.d.r.c.RepositoryConfigurationDelegate
                - Finished Spring Data repository scanning in 210 ms. Found 2 JPA repository interfaces.
13627 [main] INFO  o.s.b.w.e.tomcat.TomcatWebServer
                - Tomcat initialized with port(s): 8080 (http)
13672 [main] INFO  o.a.coyote.http11.Http11NioProtocol
                - Initializing ProtocolHandler ["http-nio-8080"]
13674 [main] INFO  o.a.catalina.core.StandardService
                - Starting service [Tomcat]
13675 [main] INFO  o.a.catalina.core.StandardEngine
                - Starting Servlet engine: [Apache Tomcat/9.0.45]
14145 [main] INFO  o.a.c.c.C.[Tomcat].[localhost].[/]
                - Initializing Spring embedded WebApplicationContext
14146 [main] INFO  o.s.b.w.s.c.ServletWebServerApplicationContext
                - Root WebApplicationContext: initialization completed in 10090 ms
15951 [main] INFO  com.zaxxer.hikari.HikariDataSource
                - HikariPool-1 - Starting...
18833 [main] INFO  com.zaxxer.hikari.HikariDataSource
                - HikariPool-1 - Start completed.
19388 [main] INFO  o.h.jpa.internal.util.LogHelper
                - HHH000204: Processing PersistenceUnitInfo [name: default]
19757 [main] INFO  org.hibernate.Version
                - HHH000412: Hibernate ORM core version 5.4.30.Final
20598 [main] INFO  o.h.annotations.common.Version
                - HCANN000001: Hibernate Commons Annotations {5.1.2.Final}
21489 [main] INFO  org.hibernate.dialect.Dialect
                - HHH000400: Using dialect: org.hibernate.dialect.PostgreSQLDialect
26611 [main] INFO  o.h.e.t.j.p.i.JtaPlatformInitiator
                - HHH000490: Using JtaPlatform implementation: [org.hibernate.engine.transaction.jta.platform.internal.NoJtaPlatform]
26655 [main] INFO  o.s.o.j.LocalContainerEntityManagerFactoryBean
                - Initialized JPA EntityManagerFactory for persistence unit 'default'
29857 [main] INFO  com.demo.DepartureTest
                - init DepartureTest
29861 [main] INFO  o.s.b.f.a.AutowiredAnnotationBeanPostProcessor
                - Autowired annotation is not supported on static fields: public static com.demo.DepRep com.demo.DepartureTest.depRep
30786 [main] INFO  com.demo.PostOfficeTest
                - init PostOfficeTest
30788 [main] INFO  o.s.b.f.a.AutowiredAnnotationBeanPostProcessor
                - Autowired annotation is not supported on static fields: public static com.demo.PostRep com.demo.PostOfficeTest.postRep
31649 [main] WARN  o.s.b.a.o.j.JpaBaseConfiguration$JpaWebConfiguration
                - spring.jpa.open-in-view is enabled by default. Therefore, database queries may be performed during view rendering. Explicitly configure spring.jpa.open-in-view to disable this warning
35515 [main] INFO  o.s.s.c.ThreadPoolTaskExecutor
                - Initializing ExecutorService 'applicationTaskExecutor'
40365 [main] INFO  o.a.coyote.http11.Http11NioProtocol
                - Starting ProtocolHandler ["http-nio-8080"]
40528 [main] INFO  o.s.b.w.e.tomcat.TomcatWebServer
                - Tomcat started on port(s): 8080 (http) with context path ''
40583 [main] INFO  com.demo.DemoApplication
                - Started DemoApplication in 38.525 seconds (JVM running for 41.615)
72666 [http-nio-8080-exec-1] INFO  o.a.c.c.C.[Tomcat].[localhost].[/]
                - Initializing Spring DispatcherServlet 'dispatcherServlet'
72666 [http-nio-8080-exec-1] INFO  o.s.web.servlet.DispatcherServlet
                - Initializing Servlet 'dispatcherServlet'
72672 [http-nio-8080-exec-1] INFO  o.s.web.servlet.DispatcherServlet
                - Completed initialization in 5 ms
72847 [http-nio-8080-exec-1] INFO  com.demo.AspectOP
                - ћетод: List com.demo.DepartureController.getAll() выполнен за 5мс
72904 [http-nio-8080-exec-1] INFO  com.demo.AspectOP
                - ћетод: List com.demo.DepartureTest.getAll() выполнен за 1мс
72942 [http-nio-8080-exec-1] INFO  com.demo.DepartureTest
                - get Departures...
3247 [main] INFO  com.demo.DemoApplication
                - Starting DemoApplication using Java 1.8.0_181 on DESKTOP-B05SD6G with PID 3688 (F:\Rep\Schablonbl-po-dzhave\src\com\work\package20\build\classes\java\main started by DonJuan in F:\Rep\Schablonbl-po-dzhave\src\com\work\package20)
3258 [main] INFO  com.demo.DemoApplication
                - No active profile set, falling back to default profiles: default
6397 [main] INFO  o.s.d.r.c.RepositoryConfigurationDelegate
                - Bootstrapping Spring Data JPA repositories in DEFAULT mode.
6773 [main] INFO  o.s.d.r.c.RepositoryConfigurationDelegate
                - Finished Spring Data repository scanning in 316 ms. Found 2 JPA repository interfaces.
14231 [main] INFO  o.s.b.w.e.tomcat.TomcatWebServer
                - Tomcat initialized with port(s): 8080 (http)
14274 [main] INFO  o.a.coyote.http11.Http11NioProtocol
                - Initializing ProtocolHandler ["http-nio-8080"]
14276 [main] INFO  o.a.catalina.core.StandardService
                - Starting service [Tomcat]
14277 [main] INFO  o.a.catalina.core.StandardEngine
                - Starting Servlet engine: [Apache Tomcat/9.0.45]
14673 [main] INFO  o.a.c.c.C.[Tomcat].[localhost].[/]
                - Initializing Spring embedded WebApplicationContext
14673 [main] INFO  o.s.b.w.s.c.ServletWebServerApplicationContext
                - Root WebApplicationContext: initialization completed in 11097 ms
16840 [main] INFO  com.zaxxer.hikari.HikariDataSource
                - HikariPool-1 - Starting...
19796 [main] INFO  com.zaxxer.hikari.HikariDataSource
                - HikariPool-1 - Start completed.
20090 [main] INFO  o.h.jpa.internal.util.LogHelper
                - HHH000204: Processing PersistenceUnitInfo [name: default]
20332 [main] INFO  org.hibernate.Version
                - HHH000412: Hibernate ORM core version 5.4.30.Final
20995 [main] INFO  o.h.annotations.common.Version
                - HCANN000001: Hibernate Commons Annotations {5.1.2.Final}
21633 [main] INFO  org.hibernate.dialect.Dialect
                - HHH000400: Using dialect: org.hibernate.dialect.PostgreSQLDialect
25083 [main] INFO  o.h.e.t.j.p.i.JtaPlatformInitiator
                - HHH000490: Using JtaPlatform implementation: [org.hibernate.engine.transaction.jta.platform.internal.NoJtaPlatform]
25132 [main] INFO  o.s.o.j.LocalContainerEntityManagerFactoryBean
                - Initialized JPA EntityManagerFactory for persistence unit 'default'
27213 [main] INFO  com.demo.DepartureTest
                - init DepartureTest
27215 [main] INFO  o.s.b.f.a.AutowiredAnnotationBeanPostProcessor
                - Autowired annotation is not supported on static fields: public static com.demo.DepRep com.demo.DepartureTest.depRep
27520 [main] INFO  com.demo.PostOfficeTest
                - init PostOfficeTest
27522 [main] INFO  o.s.b.f.a.AutowiredAnnotationBeanPostProcessor
                - Autowired annotation is not supported on static fields: public static com.demo.PostRep com.demo.PostOfficeTest.postRep
27978 [main] WARN  o.s.b.a.o.j.JpaBaseConfiguration$JpaWebConfiguration
                - spring.jpa.open-in-view is enabled by default. Therefore, database queries may be performed during view rendering. Explicitly configure spring.jpa.open-in-view to disable this warning
30613 [main] INFO  o.s.s.c.ThreadPoolTaskExecutor
                - Initializing ExecutorService 'applicationTaskExecutor'
33345 [main] INFO  o.a.coyote.http11.Http11NioProtocol
                - Starting ProtocolHandler ["http-nio-8080"]
33446 [main] INFO  o.s.b.w.e.tomcat.TomcatWebServer
                - Tomcat started on port(s): 8080 (http) with context path ''
33505 [main] INFO  com.demo.DemoApplication
                - Started DemoApplication in 31.991 seconds (JVM running for 34.312)
36265 [http-nio-8080-exec-1] INFO  o.a.c.c.C.[Tomcat].[localhost].[/]
                - Initializing Spring DispatcherServlet 'dispatcherServlet'
36266 [http-nio-8080-exec-1] INFO  o.s.web.servlet.DispatcherServlet
                - Initializing Servlet 'dispatcherServlet'
36275 [http-nio-8080-exec-1] INFO  o.s.web.servlet.DispatcherServlet
                - Completed initialization in 9 ms
36495 [http-nio-8080-exec-1] INFO  com.demo.AspectOP
                - ћетод: List com.demo.DepartureController.getAll() выполнен за 10мс
36612 [http-nio-8080-exec-1] INFO  com.demo.AspectOP
                - ћетод: List com.demo.DepartureTest.getAll() выполнен за 0мс
36685 [http-nio-8080-exec-1] INFO  com.demo.DepartureTest
                - get Departures...
3137 [main] INFO  com.demo.DemoApplication
                - Starting DemoApplication using Java 1.8.0_181 on DESKTOP-B05SD6G with PID 3232 (F:\Rep\Schablonbl-po-dzhave\src\com\work\package20\build\classes\java\main started by DonJuan in F:\Rep\Schablonbl-po-dzhave\src\com\work\package20)
3148 [main] INFO  com.demo.DemoApplication
                - No active profile set, falling back to default profiles: default
6817 [main] INFO  o.s.d.r.c.RepositoryConfigurationDelegate
                - Bootstrapping Spring Data JPA repositories in DEFAULT mode.
7239 [main] INFO  o.s.d.r.c.RepositoryConfigurationDelegate
                - Finished Spring Data repository scanning in 353 ms. Found 2 JPA repository interfaces.
3418 [main] INFO  com.demo.DemoApplication
                - Starting DemoApplication using Java 1.8.0_181 on DESKTOP-B05SD6G with PID 7648 (F:\Rep\Schablonbl-po-dzhave\src\com\work\package20\build\classes\java\main started by DonJuan in F:\Rep\Schablonbl-po-dzhave\src\com\work\package20)
3436 [main] INFO  com.demo.DemoApplication
                - No active profile set, falling back to default profiles: default
6805 [main] INFO  o.s.d.r.c.RepositoryConfigurationDelegate
                - Bootstrapping Spring Data JPA repositories in DEFAULT mode.
7052 [main] INFO  o.s.d.r.c.RepositoryConfigurationDelegate
                - Finished Spring Data repository scanning in 208 ms. Found 2 JPA repository interfaces.
12048 [main] INFO  o.s.b.w.e.tomcat.TomcatWebServer
                - Tomcat initialized with port(s): 8080 (http)
12095 [main] INFO  o.a.coyote.http11.Http11NioProtocol
                - Initializing ProtocolHandler ["http-nio-8080"]
12098 [main] INFO  o.a.catalina.core.StandardService
                - Starting service [Tomcat]
12101 [main] INFO  o.a.catalina.core.StandardEngine
                - Starting Servlet engine: [Apache Tomcat/9.0.45]
12531 [main] INFO  o.a.c.c.C.[Tomcat].[localhost].[/]
                - Initializing Spring embedded WebApplicationContext
12532 [main] INFO  o.s.b.w.s.c.ServletWebServerApplicationContext
                - Root WebApplicationContext: initialization completed in 8750 ms
14400 [main] INFO  com.zaxxer.hikari.HikariDataSource
                - HikariPool-1 - Starting...
17386 [main] INFO  com.zaxxer.hikari.HikariDataSource
                - HikariPool-1 - Start completed.
17688 [main] INFO  o.h.jpa.internal.util.LogHelper
                - HHH000204: Processing PersistenceUnitInfo [name: default]
17935 [main] INFO  org.hibernate.Version
                - HHH000412: Hibernate ORM core version 5.4.30.Final
18607 [main] INFO  o.h.annotations.common.Version
                - HCANN000001: Hibernate Commons Annotations {5.1.2.Final}
19266 [main] INFO  org.hibernate.dialect.Dialect
                - HHH000400: Using dialect: org.hibernate.dialect.PostgreSQLDialect
23474 [main] INFO  o.h.e.t.j.p.i.JtaPlatformInitiator
                - HHH000490: Using JtaPlatform implementation: [org.hibernate.engine.transaction.jta.platform.internal.NoJtaPlatform]
23518 [main] INFO  o.s.o.j.LocalContainerEntityManagerFactoryBean
                - Initialized JPA EntityManagerFactory for persistence unit 'default'
26315 [main] INFO  com.demo.DepartureTest
                - init DepartureTest
26320 [main] INFO  o.s.b.f.a.AutowiredAnnotationBeanPostProcessor
                - Autowired annotation is not supported on static fields: public static com.demo.DepRep com.demo.DepartureTest.depRep
26646 [main] INFO  com.demo.PostOfficeTest
                - init PostOfficeTest
26648 [main] INFO  o.s.b.f.a.AutowiredAnnotationBeanPostProcessor
                - Autowired annotation is not supported on static fields: public static com.demo.PostRep com.demo.PostOfficeTest.postRep
27095 [main] WARN  o.s.b.a.o.j.JpaBaseConfiguration$JpaWebConfiguration
                - spring.jpa.open-in-view is enabled by default. Therefore, database queries may be performed during view rendering. Explicitly configure spring.jpa.open-in-view to disable this warning
29672 [main] INFO  o.s.s.c.ThreadPoolTaskExecutor
                - Initializing ExecutorService 'applicationTaskExecutor'
32220 [main] INFO  o.a.coyote.http11.Http11NioProtocol
                - Starting ProtocolHandler ["http-nio-8080"]
32310 [main] INFO  o.s.b.w.e.tomcat.TomcatWebServer
                - Tomcat started on port(s): 8080 (http) with context path ''
32354 [main] INFO  com.demo.DemoApplication
                - Started DemoApplication in 30.875 seconds (JVM running for 33.249)
35248 [http-nio-8080-exec-1] INFO  o.a.c.c.C.[Tomcat].[localhost].[/]
                - Initializing Spring DispatcherServlet 'dispatcherServlet'
35251 [http-nio-8080-exec-1] INFO  o.s.web.servlet.DispatcherServlet
                - Initializing Servlet 'dispatcherServlet'
35257 [http-nio-8080-exec-1] INFO  o.s.web.servlet.DispatcherServlet
                - Completed initialization in 5 ms
35545 [http-nio-8080-exec-1] INFO  com.demo.AspectOP
                - ћетод: List com.demo.DepartureController.getAll() выполнен за 9мс
35648 [http-nio-8080-exec-1] INFO  com.demo.AspectOP
                - ћетод: List com.demo.DepartureTest.getAll() выполнен за 1мс
35685 [http-nio-8080-exec-1] INFO  com.demo.DepartureTest
                - get Departures...
2882 [main] INFO  com.demo.DemoApplication
                - Starting DemoApplication using Java 1.8.0_181 on DESKTOP-B05SD6G with PID 1276 (F:\Rep\Schablonbl-po-dzhave\src\com\work\package20\build\classes\java\main started by DonJuan in F:\Rep\Schablonbl-po-dzhave\src\com\work\package20)
2928 [main] INFO  com.demo.DemoApplication
                - No active profile set, falling back to default profiles: default
5941 [main] INFO  o.s.d.r.c.RepositoryConfigurationDelegate
                - Bootstrapping Spring Data JPA repositories in DEFAULT mode.
6185 [main] INFO  o.s.d.r.c.RepositoryConfigurationDelegate
                - Finished Spring Data repository scanning in 200 ms. Found 2 JPA repository interfaces.
12034 [main] INFO  o.s.b.w.e.tomcat.TomcatWebServer
                - Tomcat initialized with port(s): 8080 (http)
12079 [main] INFO  o.a.coyote.http11.Http11NioProtocol
                - Initializing ProtocolHandler ["http-nio-8080"]
12081 [main] INFO  o.a.catalina.core.StandardService
                - Starting service [Tomcat]
12081 [main] INFO  o.a.catalina.core.StandardEngine
                - Starting Servlet engine: [Apache Tomcat/9.0.45]
12619 [main] INFO  o.a.c.c.C.[Tomcat].[localhost].[/]
                - Initializing Spring embedded WebApplicationContext
12620 [main] INFO  o.s.b.w.s.c.ServletWebServerApplicationContext
                - Root WebApplicationContext: initialization completed in 9405 ms
14969 [main] INFO  com.zaxxer.hikari.HikariDataSource
                - HikariPool-1 - Starting...
18558 [main] INFO  com.zaxxer.hikari.HikariDataSource
                - HikariPool-1 - Start completed.
18821 [main] INFO  o.h.jpa.internal.util.LogHelper
                - HHH000204: Processing PersistenceUnitInfo [name: default]
19073 [main] INFO  org.hibernate.Version
                - HHH000412: Hibernate ORM core version 5.4.30.Final
19738 [main] INFO  o.h.annotations.common.Version
                - HCANN000001: Hibernate Commons Annotations {5.1.2.Final}
20393 [main] INFO  org.hibernate.dialect.Dialect
                - HHH000400: Using dialect: org.hibernate.dialect.PostgreSQLDialect
24070 [main] INFO  o.h.e.t.j.p.i.JtaPlatformInitiator
                - HHH000490: Using JtaPlatform implementation: [org.hibernate.engine.transaction.jta.platform.internal.NoJtaPlatform]
24120 [main] INFO  o.s.o.j.LocalContainerEntityManagerFactoryBean
                - Initialized JPA EntityManagerFactory for persistence unit 'default'
26391 [main] INFO  com.demo.DepartureTest
                - init DepartureTest
26392 [main] INFO  o.s.b.f.a.AutowiredAnnotationBeanPostProcessor
                - Autowired annotation is not supported on static fields: public static com.demo.DepRep com.demo.DepartureTest.depRep
26816 [main] INFO  com.demo.PostOfficeTest
                - init PostOfficeTest
26818 [main] INFO  o.s.b.f.a.AutowiredAnnotationBeanPostProcessor
                - Autowired annotation is not supported on static fields: public static com.demo.PostRep com.demo.PostOfficeTest.postRep
27265 [main] WARN  o.s.b.a.o.j.JpaBaseConfiguration$JpaWebConfiguration
                - spring.jpa.open-in-view is enabled by default. Therefore, database queries may be performed during view rendering. Explicitly configure spring.jpa.open-in-view to disable this warning
29985 [main] INFO  o.s.s.c.ThreadPoolTaskExecutor
                - Initializing ExecutorService 'applicationTaskExecutor'
32592 [main] INFO  o.a.coyote.http11.Http11NioProtocol
                - Starting ProtocolHandler ["http-nio-8080"]
32690 [main] INFO  o.s.b.w.e.tomcat.TomcatWebServer
                - Tomcat started on port(s): 8080 (http) with context path ''
32721 [main] INFO  com.demo.DemoApplication
                - Started DemoApplication in 31.417 seconds (JVM running for 33.447)
44008 [http-nio-8080-exec-2] INFO  o.a.c.c.C.[Tomcat].[localhost].[/]
                - Initializing Spring DispatcherServlet 'dispatcherServlet'
44008 [http-nio-8080-exec-2] INFO  o.s.web.servlet.DispatcherServlet
                - Initializing Servlet 'dispatcherServlet'
44015 [http-nio-8080-exec-2] INFO  o.s.web.servlet.DispatcherServlet
                - Completed initialization in 5 ms
44300 [http-nio-8080-exec-2] INFO  com.demo.AspectOP
                - ћетод: List com.demo.DepartureController.getAll() выполнен за 12мс
44405 [http-nio-8080-exec-2] INFO  com.demo.AspectOP
                - ћетод: List com.demo.DepartureTest.getAll() выполнен за 0мс
44429 [http-nio-8080-exec-2] INFO  com.demo.DepartureTest
                - get Departures...
3697 [main] INFO  com.demo.DemoApplication
                - Starting DemoApplication using Java 1.8.0_181 on DESKTOP-B05SD6G with PID 6068 (F:\Rep\Schablonbl-po-dzhave\src\com\work\package20\build\classes\java\main started by DonJuan in F:\Rep\Schablonbl-po-dzhave\src\com\work\package20)
3711 [main] INFO  com.demo.DemoApplication
                - No active profile set, falling back to default profiles: default
8393 [main] INFO  o.s.d.r.c.RepositoryConfigurationDelegate
                - Bootstrapping Spring Data JPA repositories in DEFAULT mode.
8649 [main] INFO  o.s.d.r.c.RepositoryConfigurationDelegate
                - Finished Spring Data repository scanning in 214 ms. Found 2 JPA repository interfaces.
13822 [main] INFO  o.s.b.w.e.tomcat.TomcatWebServer
                - Tomcat initialized with port(s): 8080 (http)
13864 [main] INFO  o.a.coyote.http11.Http11NioProtocol
                - Initializing ProtocolHandler ["http-nio-8080"]
13867 [main] INFO  o.a.catalina.core.StandardService
                - Starting service [Tomcat]
13869 [main] INFO  o.a.catalina.core.StandardEngine
                - Starting Servlet engine: [Apache Tomcat/9.0.45]
14407 [main] INFO  o.a.c.c.C.[Tomcat].[localhost].[/]
                - Initializing Spring embedded WebApplicationContext
14408 [main] INFO  o.s.b.w.s.c.ServletWebServerApplicationContext
                - Root WebApplicationContext: initialization completed in 10217 ms
16169 [main] INFO  com.zaxxer.hikari.HikariDataSource
                - HikariPool-1 - Starting...
19407 [main] INFO  com.zaxxer.hikari.HikariDataSource
                - HikariPool-1 - Start completed.
19714 [main] INFO  o.h.jpa.internal.util.LogHelper
                - HHH000204: Processing PersistenceUnitInfo [name: default]
19966 [main] INFO  org.hibernate.Version
                - HHH000412: Hibernate ORM core version 5.4.30.Final
20627 [main] INFO  o.h.annotations.common.Version
                - HCANN000001: Hibernate Commons Annotations {5.1.2.Final}
21302 [main] INFO  org.hibernate.dialect.Dialect
                - HHH000400: Using dialect: org.hibernate.dialect.PostgreSQLDialect
24739 [main] INFO  o.h.e.t.j.p.i.JtaPlatformInitiator
                - HHH000490: Using JtaPlatform implementation: [org.hibernate.engine.transaction.jta.platform.internal.NoJtaPlatform]
24787 [main] INFO  o.s.o.j.LocalContainerEntityManagerFactoryBean
                - Initialized JPA EntityManagerFactory for persistence unit 'default'
3671 [main] INFO  com.demo.DemoApplication
                - Starting DemoApplication using Java 1.8.0_181 on DESKTOP-B05SD6G with PID 10004 (F:\Rep\Schablonbl-po-dzhave\src\com\work\package20\build\classes\java\main started by DonJuan in F:\Rep\Schablonbl-po-dzhave\src\com\work\package20)
3684 [main] INFO  com.demo.DemoApplication
                - No active profile set, falling back to default profiles: default
7279 [main] INFO  o.s.d.r.c.RepositoryConfigurationDelegate
                - Bootstrapping Spring Data JPA repositories in DEFAULT mode.
7609 [main] INFO  o.s.d.r.c.RepositoryConfigurationDelegate
                - Finished Spring Data repository scanning in 277 ms. Found 2 JPA repository interfaces.
13449 [main] INFO  o.s.b.w.e.tomcat.TomcatWebServer
                - Tomcat initialized with port(s): 8080 (http)
13494 [main] INFO  o.a.coyote.http11.Http11NioProtocol
                - Initializing ProtocolHandler ["http-nio-8080"]
13496 [main] INFO  o.a.catalina.core.StandardService
                - Starting service [Tomcat]
13498 [main] INFO  o.a.catalina.core.StandardEngine
                - Starting Servlet engine: [Apache Tomcat/9.0.45]
13907 [main] INFO  o.a.c.c.C.[Tomcat].[localhost].[/]
                - Initializing Spring embedded WebApplicationContext
13907 [main] INFO  o.s.b.w.s.c.ServletWebServerApplicationContext
                - Root WebApplicationContext: initialization completed in 9832 ms
15480 [main] INFO  com.zaxxer.hikari.HikariDataSource
                - HikariPool-1 - Starting...
18480 [main] INFO  com.zaxxer.hikari.HikariDataSource
                - HikariPool-1 - Start completed.
18753 [main] INFO  o.h.jpa.internal.util.LogHelper
                - HHH000204: Processing PersistenceUnitInfo [name: default]
19014 [main] INFO  org.hibernate.Version
                - HHH000412: Hibernate ORM core version 5.4.30.Final
19764 [main] INFO  o.h.annotations.common.Version
                - HCANN000001: Hibernate Commons Annotations {5.1.2.Final}
20513 [main] INFO  org.hibernate.dialect.Dialect
                - HHH000400: Using dialect: org.hibernate.dialect.PostgreSQLDialect
24429 [main] INFO  o.h.e.t.j.p.i.JtaPlatformInitiator
                - HHH000490: Using JtaPlatform implementation: [org.hibernate.engine.transaction.jta.platform.internal.NoJtaPlatform]
24479 [main] INFO  o.s.o.j.LocalContainerEntityManagerFactoryBean
                - Initialized JPA EntityManagerFactory for persistence unit 'default'
26644 [main] INFO  com.demo.DepartureTest
                - init DepartureTest
26650 [main] INFO  o.s.b.f.a.AutowiredAnnotationBeanPostProcessor
                - Autowired annotation is not supported on static fields: public static com.demo.DepRep com.demo.DepartureTest.depRep
27068 [main] INFO  com.demo.PostOfficeTest
                - init PostOfficeTest
27070 [main] INFO  o.s.b.f.a.AutowiredAnnotationBeanPostProcessor
                - Autowired annotation is not supported on static fields: public static com.demo.PostRep com.demo.PostOfficeTest.postRep
27471 [main] WARN  o.s.b.a.o.j.JpaBaseConfiguration$JpaWebConfiguration
                - spring.jpa.open-in-view is enabled by default. Therefore, database queries may be performed during view rendering. Explicitly configure spring.jpa.open-in-view to disable this warning
29985 [main] INFO  o.s.s.c.ThreadPoolTaskExecutor
                - Initializing ExecutorService 'applicationTaskExecutor'
33146 [main] INFO  o.a.coyote.http11.Http11NioProtocol
                - Starting ProtocolHandler ["http-nio-8080"]
33245 [main] INFO  o.s.b.w.e.tomcat.TomcatWebServer
                - Tomcat started on port(s): 8080 (http) with context path ''
33281 [main] INFO  com.demo.DemoApplication
                - Started DemoApplication in 31.231 seconds (JVM running for 34.087)
35972 [http-nio-8080-exec-1] INFO  o.a.c.c.C.[Tomcat].[localhost].[/]
                - Initializing Spring DispatcherServlet 'dispatcherServlet'
35973 [http-nio-8080-exec-1] INFO  o.s.web.servlet.DispatcherServlet
                - Initializing Servlet 'dispatcherServlet'
35977 [http-nio-8080-exec-1] INFO  o.s.web.servlet.DispatcherServlet
                - Completed initialization in 3 ms
36200 [http-nio-8080-exec-1] INFO  com.demo.AspectOP
                - –Ь–µ—В–Њ–і: List com.demo.DepartureController.getAll() –≤—Л–њ–Њ–ї–љ–µ–љ –Ј–∞ 5–Љ—Б
36277 [http-nio-8080-exec-1] INFO  com.demo.AspectOP
                - –Ь–µ—В–Њ–і: List com.demo.DepartureTest.getAll() –≤—Л–њ–Њ–ї–љ–µ–љ –Ј–∞ 0–Љ—Б
36312 [http-nio-8080-exec-1] INFO  com.demo.DepartureTest
                - get Departures...
